# JRE version: OpenJDK Runtime Environment (11.0.15) (build 11.0.15+0-b2043.56-9505619)
# Java VM: OpenJDK 64-Bit Server VM (11.0.15+0-b2043.56-9505619, mixed mode, tiered, compressed oops, g1 gc, windows-amd64)
Heap:
 garbage-first heap   total 342016K, used 163805K [0x0000000080000000, 0x0000000100000000)
  region size 1024K, 8 young (8192K), 8 survivors (8192K)
 Metaspace       used 109987K, capacity 113513K, committed 113756K, reserved 1146880K
  class space    used 14176K, capacity 15552K, committed 15640K, reserved 1048576K
GC Heap History (20 events):
Event: 11.432 GC heap after
{Heap after GC invocations=22 (full 0):
 garbage-first heap   total 258048K, used 107532K [0x0000000080000000, 0x0000000100000000)
  region size 1024K, 1 young (1024K), 1 survivors (1024K)
 Metaspace       used 94809K, capacity 97373K, committed 98140K, reserved 1134592K
  class space    used 12037K, capacity 13011K, committed 13336K, reserved 1048576K
}
Event: 11.677 GC heap before
{Heap before GC invocations=22 (full 0):
 garbage-first heap   total 258048K, used 188428K [0x0000000080000000, 0x0000000100000000)
  region size 1024K, 80 young (81920K), 1 survivors (1024K)
 Metaspace       used 95420K, capacity 98085K, committed 98908K, reserved 1134592K
  class space    used 12077K, capacity 13075K, committed 13336K, reserved 1048576K
}
Event: 11.681 GC heap after
{Heap after GC invocations=23 (full 0):
 garbage-first heap   total 258048K, used 109427K [0x0000000080000000, 0x0000000100000000)
  region size 1024K, 3 young (3072K), 3 survivors (3072K)
 Metaspace       used 95420K, capacity 98085K, committed 98908K, reserved 1134592K
  class space    used 12077K, capacity 13075K, committed 13336K, reserved 1048576K
}
Event: 12.018 GC heap before
{Heap before GC invocations=23 (full 0):
 garbage-first heap   total 258048K, used 193395K [0x0000000080000000, 0x0000000100000000)
  region size 1024K, 85 young (87040K), 3 survivors (3072K)
 Metaspace       used 95572K, capacity 98254K, committed 98908K, reserved 1134592K
  class space    used 12094K, capacity 13125K, committed 13336K, reserved 1048576K
}
Event: 12.021 GC heap after
{Heap after GC invocations=24 (full 0):
 garbage-first heap   total 258048K, used 111331K [0x0000000080000000, 0x0000000100000000)
  region size 1024K, 5 young (5120K), 5 survivors (5120K)
 Metaspace       used 95572K, capacity 98254K, committed 98908K, reserved 1134592K
  class space    used 12094K, capacity 13125K, committed 13336K, reserved 1048576K
}
Event: 12.681 GC heap before
{Heap before GC invocations=24 (full 0):
 garbage-first heap   total 258048K, used 198371K [0x0000000080000000, 0x0000000100000000)
  region size 1024K, 89 young (91136K), 5 survivors (5120K)
 Metaspace       used 100184K, capacity 102864K, committed 103388K, reserved 1138688K
  class space    used 12693K, capacity 13693K, committed 13976K, reserved 1048576K
}
Event: 12.684 GC heap after
{Heap after GC invocations=25 (full 0):
 garbage-first heap   total 258048K, used 111294K [0x0000000080000000, 0x0000000100000000)
  region size 1024K, 7 young (7168K), 7 survivors (7168K)
 Metaspace       used 100184K, capacity 102864K, committed 103388K, reserved 1138688K
  class space    used 12693K, capacity 13693K, committed 13976K, reserved 1048576K
}
Event: 12.977 GC heap before
{Heap before GC invocations=25 (full 0):
 garbage-first heap   total 258048K, used 199358K [0x0000000080000000, 0x0000000100000000)
  region size 1024K, 95 young (97280K), 7 survivors (7168K)
 Metaspace       used 101547K, capacity 104443K, committed 104796K, reserved 1140736K
  class space    used 12853K, capacity 13932K, committed 14104K, reserved 1048576K
}
Event: 12.984 GC heap after
{Heap after GC invocations=26 (full 0):
 garbage-first heap   total 258048K, used 124620K [0x0000000080000000, 0x0000000100000000)
  region size 1024K, 12 young (12288K), 12 survivors (12288K)
 Metaspace       used 101547K, capacity 104443K, committed 104796K, reserved 1140736K
  class space    used 12853K, capacity 13932K, committed 14104K, reserved 1048576K
}
Event: 13.247 GC heap before
{Heap before GC invocations=26 (full 0):
 garbage-first heap   total 258048K, used 203468K [0x0000000080000000, 0x0000000100000000)
  region size 1024K, 90 young (92160K), 12 survivors (12288K)
 Metaspace       used 104838K, capacity 108058K, committed 108124K, reserved 1142784K
  class space    used 13389K, capacity 14602K, committed 14616K, reserved 1048576K
}
Event: 13.254 GC heap after
{Heap after GC invocations=27 (full 0):
 garbage-first heap   total 258048K, used 138868K [0x0000000080000000, 0x0000000100000000)
  region size 1024K, 12 young (12288K), 12 survivors (12288K)
 Metaspace       used 104838K, capacity 108058K, committed 108124K, reserved 1142784K
  class space    used 13389K, capacity 14602K, committed 14616K, reserved 1048576K
}
Event: 13.431 GC heap before
{Heap before GC invocations=27 (full 0):
 garbage-first heap   total 258048K, used 203380K [0x0000000080000000, 0x0000000100000000)
  region size 1024K, 76 young (77824K), 12 survivors (12288K)
 Metaspace       used 107141K, capacity 110548K, committed 110940K, reserved 1144832K
  class space    used 13708K, capacity 14986K, committed 15128K, reserved 1048576K
}
Event: 13.447 GC heap after
{Heap after GC invocations=28 (full 0):
 garbage-first heap   total 258048K, used 148693K [0x0000000080000000, 0x0000000100000000)
  region size 1024K, 10 young (10240K), 10 survivors (10240K)
 Metaspace       used 107141K, capacity 110548K, committed 110940K, reserved 1144832K
  class space    used 13708K, capacity 14986K, committed 15128K, reserved 1048576K
}
Event: 13.604 GC heap before
{Heap before GC invocations=29 (full 0):
 garbage-first heap   total 258048K, used 203989K [0x0000000080000000, 0x0000000100000000)
  region size 1024K, 66 young (67584K), 10 survivors (10240K)
 Metaspace       used 108353K, capacity 111700K, committed 111836K, reserved 1146880K
  class space    used 13905K, capacity 15184K, committed 15256K, reserved 1048576K
}
Event: 13.617 GC heap after
{Heap after GC invocations=30 (full 0):
 garbage-first heap   total 258048K, used 158720K [0x0000000080000000, 0x0000000100000000)
  region size 1024K, 9 young (9216K), 9 survivors (9216K)
 Metaspace       used 108353K, capacity 111700K, committed 111836K, reserved 1146880K
  class space    used 13905K, capacity 15184K, committed 15256K, reserved 1048576K
}
Event: 13.623 GC heap before
{Heap before GC invocations=30 (full 0):
 garbage-first heap   total 258048K, used 161792K [0x0000000080000000, 0x0000000100000000)
  region size 1024K, 12 young (12288K), 9 survivors (9216K)
 Metaspace       used 108413K, capacity 111762K, committed 111836K, reserved 1146880K
  class space    used 13923K, capacity 15215K, committed 15256K, reserved 1048576K
}
Event: 13.631 GC heap after
{Heap after GC invocations=31 (full 0):
 garbage-first heap   total 258048K, used 144799K [0x0000000080000000, 0x0000000100000000)
  region size 1024K, 2 young (2048K), 2 survivors (2048K)
 Metaspace       used 108413K, capacity 111762K, committed 111836K, reserved 1146880K
  class space    used 13923K, capacity 15215K, committed 15256K, reserved 1048576K
}
Event: 13.716 GC heap before
{Heap before GC invocations=31 (full 0):
 garbage-first heap   total 258048K, used 203167K [0x0000000080000000, 0x0000000100000000)
  region size 1024K, 59 young (60416K), 2 survivors (2048K)
 Metaspace       used 109253K, capacity 112745K, committed 112860K, reserved 1146880K
  class space    used 14061K, capacity 15428K, committed 15512K, reserved 1048576K
}
Event: 13.726 GC heap after
{Heap after GC invocations=32 (full 0):
 garbage-first heap   total 258048K, used 154624K [0x0000000080000000, 0x0000000100000000)
  region size 1024K, 8 young (8192K), 8 survivors (8192K)
 Metaspace       used 109253K, capacity 112745K, committed 112860K, reserved 1146880K
  class space    used 14061K, capacity 15428K, committed 15512K, reserved 1048576K
}
Event: 13.806 GC heap before
{Heap before GC invocations=32 (full 0):
 garbage-first heap   total 258048K, used 207872K [0x0000000080000000, 0x0000000100000000)
  region size 1024K, 60 young (61440K), 8 survivors (8192K)
 Metaspace       used 109987K, capacity 113513K, committed 113756K, reserved 1146880K
  class space    used 14176K, capacity 15552K, committed 15640K, reserved 1048576K
}

