# JRE version: OpenJDK Runtime Environment (11.0.15) (build 11.0.15+0-b2043.56-9505619)
# Java VM: OpenJDK 64-Bit Server VM (11.0.15+0-b2043.56-9505619, mixed mode, tiered, compressed oops, g1 gc, windows-amd64)
Heap:
 garbage-first heap   total 258048K, used 152074K [0x0000000080000000, 0x0000000100000000)
  region size 1024K, 40 young (40960K), 13 survivors (13312K)
 Metaspace       used 106638K, capacity 109931K, committed 110248K, reserved 1144832K
  class space    used 13790K, capacity 15020K, committed 15104K, reserved 1048576K
GC Heap History (20 events):
Event: 7.403 GC heap before
{Heap before GC invocations=8 (full 0):
 garbage-first heap   total 258048K, used 66481K [0x0000000080000000, 0x0000000100000000)
  region size 1024K, 43 young (44032K), 15 survivors (15360K)
 Metaspace       used 58629K, capacity 60031K, committed 60208K, reserved 1101824K
  class space    used 7406K, capacity 7937K, committed 8064K, reserved 1048576K
}
Event: 7.416 GC heap after
{Heap after GC invocations=9 (full 0):
 garbage-first heap   total 258048K, used 44616K [0x0000000080000000, 0x0000000100000000)
  region size 1024K, 13 young (13312K), 13 survivors (13312K)
 Metaspace       used 58629K, capacity 60031K, committed 60208K, reserved 1101824K
  class space    used 7406K, capacity 7937K, committed 8064K, reserved 1048576K
}
Event: 9.170 GC heap before
{Heap before GC invocations=10 (full 0):
 garbage-first heap   total 258048K, used 194120K [0x0000000080000000, 0x0000000100000000)
  region size 1024K, 151 young (154624K), 13 survivors (13312K)
 Metaspace       used 71266K, capacity 73024K, committed 73136K, reserved 1112064K
  class space    used 9021K, capacity 9667K, committed 9728K, reserved 1048576K
}
Event: 9.180 GC heap after
{Heap after GC invocations=11 (full 0):
 garbage-first heap   total 258048K, used 54557K [0x0000000080000000, 0x0000000100000000)
  region size 1024K, 16 young (16384K), 16 survivors (16384K)
 Metaspace       used 71266K, capacity 73024K, committed 73136K, reserved 1112064K
  class space    used 9021K, capacity 9667K, committed 9728K, reserved 1048576K
}
Event: 10.758 GC heap before
{Heap before GC invocations=11 (full 0):
 garbage-first heap   total 258048K, used 192797K [0x0000000080000000, 0x0000000100000000)
  region size 1024K, 151 young (154624K), 16 survivors (16384K)
 Metaspace       used 78625K, capacity 80526K, committed 80816K, reserved 1120256K
  class space    used 10187K, capacity 10914K, committed 11008K, reserved 1048576K
}
Event: 10.767 GC heap after
{Heap after GC invocations=12 (full 0):
 garbage-first heap   total 258048K, used 63492K [0x0000000080000000, 0x0000000100000000)
  region size 1024K, 19 young (19456K), 19 survivors (19456K)
 Metaspace       used 78625K, capacity 80526K, committed 80816K, reserved 1120256K
  class space    used 10187K, capacity 10914K, committed 11008K, reserved 1048576K
}
Event: 12.411 GC heap before
{Heap before GC invocations=12 (full 0):
 garbage-first heap   total 258048K, used 196612K [0x0000000080000000, 0x0000000100000000)
  region size 1024K, 149 young (152576K), 19 survivors (19456K)
 Metaspace       used 87201K, capacity 89434K, committed 89648K, reserved 1126400K
  class space    used 11358K, capacity 12160K, committed 12160K, reserved 1048576K
}
Event: 12.424 GC heap after
{Heap after GC invocations=13 (full 0):
 garbage-first heap   total 258048K, used 74087K [0x0000000080000000, 0x0000000100000000)
  region size 1024K, 19 young (19456K), 19 survivors (19456K)
 Metaspace       used 87201K, capacity 89434K, committed 89648K, reserved 1126400K
  class space    used 11358K, capacity 12160K, committed 12160K, reserved 1048576K
}
Event: 13.668 GC heap before
{Heap before GC invocations=13 (full 0):
 garbage-first heap   total 258048K, used 197991K [0x0000000080000000, 0x0000000100000000)
  region size 1024K, 141 young (144384K), 19 survivors (19456K)
 Metaspace       used 92650K, capacity 95497K, committed 95664K, reserved 1132544K
  class space    used 12128K, capacity 13185K, committed 13312K, reserved 1048576K
}
Event: 13.684 GC heap after
{Heap after GC invocations=14 (full 0):
 garbage-first heap   total 258048K, used 87409K [0x0000000080000000, 0x0000000100000000)
  region size 1024K, 13 young (13312K), 13 survivors (13312K)
 Metaspace       used 92650K, capacity 95497K, committed 95664K, reserved 1132544K
  class space    used 12128K, capacity 13185K, committed 13312K, reserved 1048576K
}
Event: 14.919 GC heap before
{Heap before GC invocations=14 (full 0):
 garbage-first heap   total 258048K, used 200049K [0x0000000080000000, 0x0000000100000000)
  region size 1024K, 124 young (126976K), 13 survivors (13312K)
 Metaspace       used 96044K, capacity 99026K, committed 99376K, reserved 1134592K
  class space    used 12471K, capacity 13596K, committed 13696K, reserved 1048576K
}
Event: 14.931 GC heap after
{Heap after GC invocations=15 (full 0):
 garbage-first heap   total 258048K, used 99928K [0x0000000080000000, 0x0000000100000000)
  region size 1024K, 13 young (13312K), 13 survivors (13312K)
 Metaspace       used 96044K, capacity 99026K, committed 99376K, reserved 1134592K
  class space    used 12471K, capacity 13596K, committed 13696K, reserved 1048576K
}
Event: 15.703 GC heap before
{Heap before GC invocations=15 (full 0):
 garbage-first heap   total 258048K, used 191064K [0x0000000080000000, 0x0000000100000000)
  region size 1024K, 95 young (97280K), 13 survivors (13312K)
 Metaspace       used 97667K, capacity 100614K, committed 100776K, reserved 1136640K
  class space    used 12650K, capacity 13770K, committed 13824K, reserved 1048576K
}
Event: 15.709 GC heap after
{Heap after GC invocations=16 (full 0):
 garbage-first heap   total 258048K, used 92390K [0x0000000080000000, 0x0000000100000000)
  region size 1024K, 3 young (3072K), 3 survivors (3072K)
 Metaspace       used 97667K, capacity 100614K, committed 100776K, reserved 1136640K
  class space    used 12650K, capacity 13770K, committed 13824K, reserved 1048576K
}
Event: 16.683 GC heap before
{Heap before GC invocations=17 (full 0):
 garbage-first heap   total 258048K, used 204006K [0x0000000080000000, 0x0000000100000000)
  region size 1024K, 113 young (115712K), 3 survivors (3072K)
 Metaspace       used 101463K, capacity 104196K, committed 104872K, reserved 1140736K
  class space    used 13011K, capacity 14014K, committed 14336K, reserved 1048576K
}
Event: 16.689 GC heap after
{Heap after GC invocations=18 (full 0):
 garbage-first heap   total 258048K, used 95552K [0x0000000080000000, 0x0000000100000000)
  region size 1024K, 7 young (7168K), 7 survivors (7168K)
 Metaspace       used 101463K, capacity 104196K, committed 104872K, reserved 1140736K
  class space    used 13011K, capacity 14014K, committed 14336K, reserved 1048576K
}
Event: 17.116 GC heap before
{Heap before GC invocations=18 (full 0):
 garbage-first heap   total 258048K, used 206144K [0x0000000080000000, 0x0000000100000000)
  region size 1024K, 116 young (118784K), 7 survivors (7168K)
 Metaspace       used 102374K, capacity 105234K, committed 105768K, reserved 1140736K
  class space    used 13123K, capacity 14202K, committed 14464K, reserved 1048576K
}
Event: 17.123 GC heap after
{Heap after GC invocations=19 (full 0):
 garbage-first heap   total 258048K, used 112205K [0x0000000080000000, 0x0000000100000000)
  region size 1024K, 15 young (15360K), 15 survivors (15360K)
 Metaspace       used 102374K, capacity 105234K, committed 105768K, reserved 1140736K
  class space    used 13123K, capacity 14202K, committed 14464K, reserved 1048576K
}
Event: 17.507 GC heap before
{Heap before GC invocations=19 (full 0):
 garbage-first heap   total 258048K, used 202317K [0x0000000080000000, 0x0000000100000000)
  region size 1024K, 104 young (106496K), 15 survivors (15360K)
 Metaspace       used 106208K, capacity 109503K, committed 109608K, reserved 1144832K
  class space    used 13730K, capacity 14962K, committed 14976K, reserved 1048576K
}
Event: 17.516 GC heap after
{Heap after GC invocations=20 (full 0):
 garbage-first heap   total 258048K, used 125450K [0x0000000080000000, 0x0000000100000000)
  region size 1024K, 13 young (13312K), 13 survivors (13312K)
 Metaspace       used 106208K, capacity 109503K, committed 109608K, reserved 1144832K
  class space    used 13730K, capacity 14962K, committed 14976K, reserved 1048576K
}

