# JRE version: OpenJDK Runtime Environment (11.0.15) (build 11.0.15+0-b2043.56-9505619)
# Java VM: OpenJDK 64-Bit Server VM (11.0.15+0-b2043.56-9505619, mixed mode, tiered, compressed oops, g1 gc, windows-amd64)
Heap:
 garbage-first heap   total 258048K, used 172997K [0x0000000080000000, 0x0000000100000000)
  region size 1024K, 139 young (142336K), 19 survivors (19456K)
 Metaspace       used 73282K, capacity 75101K, committed 75344K, reserved 1114112K
  class space    used 9492K, capacity 10161K, committed 10188K, reserved 1048576K
GC Heap History (14 events):
Event: 0.442 GC heap before
{Heap before GC invocations=0 (full 0):
 garbage-first heap   total 258048K, used 29696K [0x0000000080000000, 0x0000000100000000)
  region size 1024K, 24 young (24576K), 0 survivors (0K)
 Metaspace       used 9753K, capacity 9960K, committed 10112K, reserved 1058816K
  class space    used 996K, capacity 1069K, committed 1152K, reserved 1048576K
}
Event: 0.445 GC heap after
{Heap after GC invocations=1 (full 0):
 garbage-first heap   total 258048K, used 9218K [0x0000000080000000, 0x0000000100000000)
  region size 1024K, 3 young (3072K), 3 survivors (3072K)
 Metaspace       used 9753K, capacity 9960K, committed 10112K, reserved 1058816K
  class space    used 996K, capacity 1069K, committed 1152K, reserved 1048576K
}
Event: 2.014 GC heap before
{Heap before GC invocations=1 (full 0):
 garbage-first heap   total 258048K, used 107522K [0x0000000080000000, 0x0000000100000000)
  region size 1024K, 100 young (102400K), 3 survivors (3072K)
 Metaspace       used 20788K, capacity 21191K, committed 21296K, reserved 1069056K
  class space    used 2523K, capacity 2685K, committed 2688K, reserved 1048576K
}
Event: 2.021 GC heap after
{Heap after GC invocations=2 (full 0):
 garbage-first heap   total 258048K, used 17030K [0x0000000080000000, 0x0000000100000000)
  region size 1024K, 11 young (11264K), 11 survivors (11264K)
 Metaspace       used 20788K, capacity 21191K, committed 21296K, reserved 1069056K
  class space    used 2523K, capacity 2685K, committed 2688K, reserved 1048576K
}
Event: 2.239 GC heap before
{Heap before GC invocations=3 (full 0):
 garbage-first heap   total 258048K, used 50822K [0x0000000080000000, 0x0000000100000000)
  region size 1024K, 44 young (45056K), 11 survivors (11264K)
 Metaspace       used 24248K, capacity 24808K, committed 25084K, reserved 1071104K
  class space    used 3083K, capacity 3283K, committed 3404K, reserved 1048576K
}
Event: 2.243 GC heap after
{Heap after GC invocations=4 (full 0):
 garbage-first heap   total 258048K, used 18698K [0x0000000080000000, 0x0000000100000000)
  region size 1024K, 2 young (2048K), 2 survivors (2048K)
 Metaspace       used 24248K, capacity 24808K, committed 25084K, reserved 1071104K
  class space    used 3083K, capacity 3283K, committed 3404K, reserved 1048576K
}
Event: 2.955 GC heap before
{Heap before GC invocations=4 (full 0):
 garbage-first heap   total 258048K, used 106762K [0x0000000080000000, 0x0000000100000000)
  region size 1024K, 89 young (91136K), 2 survivors (2048K)
 Metaspace       used 35081K, capacity 35957K, committed 36048K, reserved 1081344K
  class space    used 4565K, capacity 4921K, committed 4940K, reserved 1048576K
}
Event: 2.960 GC heap after
{Heap after GC invocations=5 (full 0):
 garbage-first heap   total 258048K, used 22429K [0x0000000080000000, 0x0000000100000000)
  region size 1024K, 6 young (6144K), 6 survivors (6144K)
 Metaspace       used 35081K, capacity 35957K, committed 36048K, reserved 1081344K
  class space    used 4565K, capacity 4921K, committed 4940K, reserved 1048576K
}
Event: 3.990 GC heap before
{Heap before GC invocations=6 (full 0):
 garbage-first heap   total 258048K, used 136093K [0x0000000080000000, 0x0000000100000000)
  region size 1024K, 114 young (116736K), 6 survivors (6144K)
 Metaspace       used 45234K, capacity 46274K, committed 46544K, reserved 1089536K
  class space    used 5733K, capacity 6144K, committed 6220K, reserved 1048576K
}
Event: 4.005 GC heap after
{Heap after GC invocations=7 (full 0):
 garbage-first heap   total 258048K, used 30133K [0x0000000080000000, 0x0000000100000000)
  region size 1024K, 13 young (13312K), 13 survivors (13312K)
 Metaspace       used 45234K, capacity 46274K, committed 46544K, reserved 1089536K
  class space    used 5733K, capacity 6144K, committed 6220K, reserved 1048576K
}
Event: 4.804 GC heap before
{Heap before GC invocations=8 (full 0):
 garbage-first heap   total 258048K, used 162229K [0x0000000080000000, 0x0000000100000000)
  region size 1024K, 140 young (143360K), 13 survivors (13312K)
 Metaspace       used 52777K, capacity 54116K, committed 54352K, reserved 1095680K
  class space    used 6712K, capacity 7235K, committed 7372K, reserved 1048576K
}
Event: 4.813 GC heap after
{Heap after GC invocations=9 (full 0):
 garbage-first heap   total 258048K, used 41078K [0x0000000080000000, 0x0000000100000000)
  region size 1024K, 17 young (17408K), 17 survivors (17408K)
 Metaspace       used 52777K, capacity 54116K, committed 54352K, reserved 1095680K
  class space    used 6712K, capacity 7235K, committed 7372K, reserved 1048576K
}
Event: 5.934 GC heap before
{Heap before GC invocations=9 (full 0):
 garbage-first heap   total 258048K, used 184438K [0x0000000080000000, 0x0000000100000000)
  region size 1024K, 149 young (152576K), 17 survivors (17408K)
 Metaspace       used 66213K, capacity 67920K, committed 68048K, reserved 1107968K
  class space    used 8367K, capacity 8998K, committed 9036K, reserved 1048576K
}
Event: 5.942 GC heap after
{Heap after GC invocations=10 (full 0):
 garbage-first heap   total 258048K, used 51141K [0x0000000080000000, 0x0000000100000000)
  region size 1024K, 19 young (19456K), 19 survivors (19456K)
 Metaspace       used 66213K, capacity 67920K, committed 68048K, reserved 1107968K
  class space    used 8367K, capacity 8998K, committed 9036K, reserved 1048576K
}

